{
  message: '🟢 Database is connected successfully!',
  level: 'info',
  label: 'University Management',
  timestamp: '2024-01-13T18:20:35.678Z'
}
{
  message: 'Application listening on port 5000',
  level: 'info',
  label: 'University Management',
  timestamp: '2024-01-13T18:20:35.694Z'
}
{
  message: '🟢 Database is connected successfully!',
  level: 'info',
  label: 'University Management',
  timestamp: '2024-01-13T18:24:12.078Z'
}
{
  message: 'Application listening on port 5000',
  level: 'info',
  label: 'University Management',
  timestamp: '2024-01-13T18:24:12.088Z'
}
