{
  message: '🟢 Database is connected successfully!',
  level: 'info',
  label: 'University Management',
  timestamp: '2024-01-16T03:49:48.887Z'
}
{
  message: 'Application listening on port 5000',
  level: 'info',
  label: 'University Management',
  timestamp: '2024-01-16T03:49:48.903Z'
}
{
  message: '🟢 Database is connected successfully!',
  level: 'info',
  label: 'University Management',
  timestamp: '2024-01-16T03:55:53.887Z'
}
{
  message: 'Application listening on port 5000',
  level: 'info',
  label: 'University Management',
  timestamp: '2024-01-16T03:55:53.918Z'
}
