{
  message: '游릭 Database is connected successfully!',
  level: 'info',
  label: 'University Management',
  timestamp: '2024-01-14T15:45:15.841Z'
}
{
  message: 'Application listening on port 5000',
  level: 'info',
  label: 'University Management',
  timestamp: '2024-01-14T15:45:15.859Z'
}
{
  message: '游릭 Database is connected successfully!',
  level: 'info',
  label: 'University Management',
  timestamp: '2024-01-14T15:45:30.653Z'
}
{
  message: 'Application listening on port 5000',
  level: 'info',
  label: 'University Management',
  timestamp: '2024-01-14T15:45:30.667Z'
}
{
  message: '游릭 Database is connected successfully!',
  level: 'info',
  label: 'University Management',
  timestamp: '2024-01-14T15:46:10.686Z'
}
{
  message: 'Application listening on port 5000',
  level: 'info',
  label: 'University Management',
  timestamp: '2024-01-14T15:46:10.724Z'
}
{
  message: '游릭 Database is connected successfully!',
  level: 'info',
  label: 'University Management',
  timestamp: '2024-01-14T15:46:17.392Z'
}
{
  message: 'Application listening on port 5000',
  level: 'info',
  label: 'University Management',
  timestamp: '2024-01-14T15:46:17.417Z'
}
{
  message: '游릭 Database is connected successfully!',
  level: 'info',
  label: 'University Management',
  timestamp: '2024-01-14T15:46:56.282Z'
}
{
  message: 'Application listening on port 5000',
  level: 'info',
  label: 'University Management',
  timestamp: '2024-01-14T15:46:56.294Z'
}
{
  message: '游릭 Database is connected successfully!',
  level: 'info',
  label: 'University Management',
  timestamp: '2024-01-14T15:50:29.793Z'
}
{
  message: 'Application listening on port 5000',
  level: 'info',
  label: 'University Management',
  timestamp: '2024-01-14T15:50:29.803Z'
}
{
  message: '游릭 Database is connected successfully!',
  level: 'info',
  label: 'University Management',
  timestamp: '2024-01-14T15:50:46.320Z'
}
{
  message: 'Application listening on port 5000',
  level: 'info',
  label: 'University Management',
  timestamp: '2024-01-14T15:50:46.333Z'
}
{
  message: '游릭 Database is connected successfully!',
  level: 'info',
  label: 'University Management',
  timestamp: '2024-01-14T15:51:07.817Z'
}
{
  message: 'Application listening on port 5000',
  level: 'info',
  label: 'University Management',
  timestamp: '2024-01-14T15:51:07.827Z'
}
{
  message: '游릭 Database is connected successfully!',
  level: 'info',
  label: 'University Management',
  timestamp: '2024-01-14T15:53:59.228Z'
}
{
  message: 'Application listening on port 5000',
  level: 'info',
  label: 'University Management',
  timestamp: '2024-01-14T15:53:59.241Z'
}
{
  message: '游릭 Database is connected successfully!',
  level: 'info',
  label: 'University Management',
  timestamp: '2024-01-14T15:54:05.756Z'
}
{
  message: 'Application listening on port 5000',
  level: 'info',
  label: 'University Management',
  timestamp: '2024-01-14T15:54:05.771Z'
}
{
  message: '游릭 Database is connected successfully!',
  level: 'info',
  label: 'University Management',
  timestamp: '2024-01-14T15:54:34.191Z'
}
{
  message: 'Application listening on port 5000',
  level: 'info',
  label: 'University Management',
  timestamp: '2024-01-14T15:54:34.208Z'
}
{
  message: '游릭 Database is connected successfully!',
  level: 'info',
  label: 'University Management',
  timestamp: '2024-01-14T15:54:46.438Z'
}
{
  message: 'Application listening on port 5000',
  level: 'info',
  label: 'University Management',
  timestamp: '2024-01-14T15:54:46.453Z'
}
{
  message: '游릭 Database is connected successfully!',
  level: 'info',
  label: 'University Management',
  timestamp: '2024-01-14T15:54:51.595Z'
}
{
  message: 'Application listening on port 5000',
  level: 'info',
  label: 'University Management',
  timestamp: '2024-01-14T15:54:51.606Z'
}
{
  message: '游릭 Database is connected successfully!',
  level: 'info',
  label: 'University Management',
  timestamp: '2024-01-14T15:54:56.463Z'
}
{
  message: 'Application listening on port 5000',
  level: 'info',
  label: 'University Management',
  timestamp: '2024-01-14T15:54:56.479Z'
}
{
  message: '游릭 Database is connected successfully!',
  level: 'info',
  label: 'University Management',
  timestamp: '2024-01-14T15:55:13.063Z'
}
{
  message: 'Application listening on port 5000',
  level: 'info',
  label: 'University Management',
  timestamp: '2024-01-14T15:55:13.075Z'
}
{
  message: '游릭 Database is connected successfully!',
  level: 'info',
  label: 'University Management',
  timestamp: '2024-01-14T15:55:18.571Z'
}
{
  message: 'Application listening on port 5000',
  level: 'info',
  label: 'University Management',
  timestamp: '2024-01-14T15:55:18.582Z'
}
{
  message: '游릭 Database is connected successfully!',
  level: 'info',
  label: 'University Management',
  timestamp: '2024-01-14T15:55:52.490Z'
}
{
  message: 'Application listening on port 5000',
  level: 'info',
  label: 'University Management',
  timestamp: '2024-01-14T15:55:52.513Z'
}
{
  message: '游릭 Database is connected successfully!',
  level: 'info',
  label: 'University Management',
  timestamp: '2024-01-14T15:56:34.839Z'
}
{
  message: 'Application listening on port 5000',
  level: 'info',
  label: 'University Management',
  timestamp: '2024-01-14T15:56:34.852Z'
}
{
  message: '游릭 Database is connected successfully!',
  level: 'info',
  label: 'University Management',
  timestamp: '2024-01-14T15:56:51.364Z'
}
{
  message: 'Application listening on port 5000',
  level: 'info',
  label: 'University Management',
  timestamp: '2024-01-14T15:56:51.411Z'
}
