{
  message: '游릭 Database is connected successfully!',
  level: 'info',
  label: 'University Management',
  timestamp: '2024-01-15T21:16:31.016Z'
}
{
  message: 'Application listening on port 5000',
  level: 'info',
  label: 'University Management',
  timestamp: '2024-01-15T21:16:31.079Z'
}
{
  message: '游릭 Database is connected successfully!',
  level: 'info',
  label: 'University Management',
  timestamp: '2024-01-15T21:17:33.522Z'
}
{
  message: 'Application listening on port 5000',
  level: 'info',
  label: 'University Management',
  timestamp: '2024-01-15T21:17:33.543Z'
}
{
  message: '游릭 Database is connected successfully!',
  level: 'info',
  label: 'University Management',
  timestamp: '2024-01-15T21:17:36.367Z'
}
{
  message: 'Application listening on port 5000',
  level: 'info',
  label: 'University Management',
  timestamp: '2024-01-15T21:17:36.379Z'
}
{
  message: '游릭 Database is connected successfully!',
  level: 'info',
  label: 'University Management',
  timestamp: '2024-01-15T21:17:41.430Z'
}
{
  message: 'Application listening on port 5000',
  level: 'info',
  label: 'University Management',
  timestamp: '2024-01-15T21:17:41.439Z'
}
{
  message: '游릭 Database is connected successfully!',
  level: 'info',
  label: 'University Management',
  timestamp: '2024-01-15T21:17:49.256Z'
}
{
  message: 'Application listening on port 5000',
  level: 'info',
  label: 'University Management',
  timestamp: '2024-01-15T21:17:49.265Z'
}
{
  message: '游릭 Database is connected successfully!',
  level: 'info',
  label: 'University Management',
  timestamp: '2024-01-15T21:17:53.526Z'
}
{
  message: 'Application listening on port 5000',
  level: 'info',
  label: 'University Management',
  timestamp: '2024-01-15T21:17:53.535Z'
}
{
  message: '游릭 Database is connected successfully!',
  level: 'info',
  label: 'University Management',
  timestamp: '2024-01-15T21:18:00.539Z'
}
{
  message: 'Application listening on port 5000',
  level: 'info',
  label: 'University Management',
  timestamp: '2024-01-15T21:18:00.568Z'
}
{
  message: '游릭 Database is connected successfully!',
  level: 'info',
  label: 'University Management',
  timestamp: '2024-01-15T21:18:08.376Z'
}
{
  message: 'Application listening on port 5000',
  level: 'info',
  label: 'University Management',
  timestamp: '2024-01-15T21:18:08.388Z'
}
{
  message: '游릭 Database is connected successfully!',
  level: 'info',
  label: 'University Management',
  timestamp: '2024-01-15T21:18:18.856Z'
}
{
  message: 'Application listening on port 5000',
  level: 'info',
  label: 'University Management',
  timestamp: '2024-01-15T21:18:18.943Z'
}
{
  message: '游릭 Database is connected successfully!',
  level: 'info',
  label: 'University Management',
  timestamp: '2024-01-15T21:18:30.269Z'
}
{
  message: 'Application listening on port 5000',
  level: 'info',
  label: 'University Management',
  timestamp: '2024-01-15T21:18:30.288Z'
}
{
  message: '游릭 Database is connected successfully!',
  level: 'info',
  label: 'University Management',
  timestamp: '2024-01-15T21:18:35.137Z'
}
{
  message: 'Application listening on port 5000',
  level: 'info',
  label: 'University Management',
  timestamp: '2024-01-15T21:18:35.147Z'
}
{
  message: '游릭 Database is connected successfully!',
  level: 'info',
  label: 'University Management',
  timestamp: '2024-01-15T21:18:52.461Z'
}
{
  message: 'Application listening on port 5000',
  level: 'info',
  label: 'University Management',
  timestamp: '2024-01-15T21:18:52.470Z'
}
{
  message: '游릭 Database is connected successfully!',
  level: 'info',
  label: 'University Management',
  timestamp: '2024-01-15T21:19:06.757Z'
}
{
  message: 'Application listening on port 5000',
  level: 'info',
  label: 'University Management',
  timestamp: '2024-01-15T21:19:06.767Z'
}
{
  message: '游릭 Database is connected successfully!',
  level: 'info',
  label: 'University Management',
  timestamp: '2024-01-15T21:23:54.298Z'
}
{
  message: 'Application listening on port 5000',
  level: 'info',
  label: 'University Management',
  timestamp: '2024-01-15T21:23:54.311Z'
}
{
  message: '游릭 Database is connected successfully!',
  level: 'info',
  label: 'University Management',
  timestamp: '2024-01-15T21:27:18.662Z'
}
{
  message: 'Application listening on port 5000',
  level: 'info',
  label: 'University Management',
  timestamp: '2024-01-15T21:27:18.672Z'
}
{
  message: '游릭 Database is connected successfully!',
  level: 'info',
  label: 'University Management',
  timestamp: '2024-01-15T21:43:01.751Z'
}
{
  message: 'Application listening on port 5000',
  level: 'info',
  label: 'University Management',
  timestamp: '2024-01-15T21:43:01.765Z'
}
{
  message: '游릭 Database is connected successfully!',
  level: 'info',
  label: 'University Management',
  timestamp: '2024-01-15T21:43:12.713Z'
}
{
  message: 'Application listening on port 5000',
  level: 'info',
  label: 'University Management',
  timestamp: '2024-01-15T21:43:12.723Z'
}
{
  message: '游릭 Database is connected successfully!',
  level: 'info',
  label: 'University Management',
  timestamp: '2024-01-15T21:43:25.723Z'
}
{
  message: 'Application listening on port 5000',
  level: 'info',
  label: 'University Management',
  timestamp: '2024-01-15T21:43:25.735Z'
}
{
  message: '游릭 Database is connected successfully!',
  level: 'info',
  label: 'University Management',
  timestamp: '2024-01-15T21:43:45.002Z'
}
{
  message: 'Application listening on port 5000',
  level: 'info',
  label: 'University Management',
  timestamp: '2024-01-15T21:43:45.022Z'
}
{
  message: '游릭 Database is connected successfully!',
  level: 'info',
  label: 'University Management',
  timestamp: '2024-01-15T21:44:00.991Z'
}
{
  message: 'Application listening on port 5000',
  level: 'info',
  label: 'University Management',
  timestamp: '2024-01-15T21:44:01.012Z'
}
{
  message: '游릭 Database is connected successfully!',
  level: 'info',
  label: 'University Management',
  timestamp: '2024-01-15T21:44:14.920Z'
}
{
  message: 'Application listening on port 5000',
  level: 'info',
  label: 'University Management',
  timestamp: '2024-01-15T21:44:14.935Z'
}
{
  message: '游릭 Database is connected successfully!',
  level: 'info',
  label: 'University Management',
  timestamp: '2024-01-15T21:44:25.881Z'
}
{
  message: 'Application listening on port 5000',
  level: 'info',
  label: 'University Management',
  timestamp: '2024-01-15T21:44:25.903Z'
}
{
  message: '游릭 Database is connected successfully!',
  level: 'info',
  label: 'University Management',
  timestamp: '2024-01-15T21:44:29.970Z'
}
{
  message: 'Application listening on port 5000',
  level: 'info',
  label: 'University Management',
  timestamp: '2024-01-15T21:44:29.985Z'
}
{
  message: '游릭 Database is connected successfully!',
  level: 'info',
  label: 'University Management',
  timestamp: '2024-01-15T21:44:33.377Z'
}
{
  message: 'Application listening on port 5000',
  level: 'info',
  label: 'University Management',
  timestamp: '2024-01-15T21:44:33.385Z'
}
{
  message: '游릭 Database is connected successfully!',
  level: 'info',
  label: 'University Management',
  timestamp: '2024-01-15T21:44:39.123Z'
}
{
  message: 'Application listening on port 5000',
  level: 'info',
  label: 'University Management',
  timestamp: '2024-01-15T21:44:39.134Z'
}
{
  message: '游릭 Database is connected successfully!',
  level: 'info',
  label: 'University Management',
  timestamp: '2024-01-15T21:45:12.047Z'
}
{
  message: 'Application listening on port 5000',
  level: 'info',
  label: 'University Management',
  timestamp: '2024-01-15T21:45:12.056Z'
}
{
  message: '游릭 Database is connected successfully!',
  level: 'info',
  label: 'University Management',
  timestamp: '2024-01-15T21:45:36.196Z'
}
{
  message: 'Application listening on port 5000',
  level: 'info',
  label: 'University Management',
  timestamp: '2024-01-15T21:45:36.212Z'
}
{
  message: '游릭 Database is connected successfully!',
  level: 'info',
  label: 'University Management',
  timestamp: '2024-01-15T21:45:42.036Z'
}
{
  message: 'Application listening on port 5000',
  level: 'info',
  label: 'University Management',
  timestamp: '2024-01-15T21:45:42.046Z'
}
{
  message: '游릭 Database is connected successfully!',
  level: 'info',
  label: 'University Management',
  timestamp: '2024-01-15T21:45:49.169Z'
}
{
  message: 'Application listening on port 5000',
  level: 'info',
  label: 'University Management',
  timestamp: '2024-01-15T21:45:49.178Z'
}
{
  message: '游릭 Database is connected successfully!',
  level: 'info',
  label: 'University Management',
  timestamp: '2024-01-15T21:45:53.109Z'
}
{
  message: 'Application listening on port 5000',
  level: 'info',
  label: 'University Management',
  timestamp: '2024-01-15T21:45:53.127Z'
}
{
  message: '游릭 Database is connected successfully!',
  level: 'info',
  label: 'University Management',
  timestamp: '2024-01-15T21:46:06.872Z'
}
{
  message: 'Application listening on port 5000',
  level: 'info',
  label: 'University Management',
  timestamp: '2024-01-15T21:46:06.882Z'
}
{
  message: '游릭 Database is connected successfully!',
  level: 'info',
  label: 'University Management',
  timestamp: '2024-01-15T21:46:24.568Z'
}
{
  message: 'Application listening on port 5000',
  level: 'info',
  label: 'University Management',
  timestamp: '2024-01-15T21:46:24.576Z'
}
{
  message: '游릭 Database is connected successfully!',
  level: 'info',
  label: 'University Management',
  timestamp: '2024-01-15T21:47:08.891Z'
}
{
  message: 'Application listening on port 5000',
  level: 'info',
  label: 'University Management',
  timestamp: '2024-01-15T21:47:08.915Z'
}
{
  message: '游릭 Database is connected successfully!',
  level: 'info',
  label: 'University Management',
  timestamp: '2024-01-15T21:47:14.677Z'
}
{
  message: 'Application listening on port 5000',
  level: 'info',
  label: 'University Management',
  timestamp: '2024-01-15T21:47:14.687Z'
}
{
  message: '游릭 Database is connected successfully!',
  level: 'info',
  label: 'University Management',
  timestamp: '2024-01-15T21:47:31.518Z'
}
{
  message: 'Application listening on port 5000',
  level: 'info',
  label: 'University Management',
  timestamp: '2024-01-15T21:47:31.527Z'
}
{
  message: '游릭 Database is connected successfully!',
  level: 'info',
  label: 'University Management',
  timestamp: '2024-01-15T21:47:37.169Z'
}
{
  message: 'Application listening on port 5000',
  level: 'info',
  label: 'University Management',
  timestamp: '2024-01-15T21:47:37.183Z'
}
{
  message: '游릭 Database is connected successfully!',
  level: 'info',
  label: 'University Management',
  timestamp: '2024-01-15T21:48:30.940Z'
}
{
  message: 'Application listening on port 5000',
  level: 'info',
  label: 'University Management',
  timestamp: '2024-01-15T21:48:30.959Z'
}
{
  message: '游릭 Database is connected successfully!',
  level: 'info',
  label: 'University Management',
  timestamp: '2024-01-15T21:48:37.778Z'
}
{
  message: 'Application listening on port 5000',
  level: 'info',
  label: 'University Management',
  timestamp: '2024-01-15T21:48:37.792Z'
}
{
  message: '游릭 Database is connected successfully!',
  level: 'info',
  label: 'University Management',
  timestamp: '2024-01-15T21:48:42.654Z'
}
{
  message: 'Application listening on port 5000',
  level: 'info',
  label: 'University Management',
  timestamp: '2024-01-15T21:48:42.667Z'
}
{
  message: '游릭 Database is connected successfully!',
  level: 'info',
  label: 'University Management',
  timestamp: '2024-01-15T21:48:48.683Z'
}
{
  message: 'Application listening on port 5000',
  level: 'info',
  label: 'University Management',
  timestamp: '2024-01-15T21:48:48.691Z'
}
{
  message: '游릭 Database is connected successfully!',
  level: 'info',
  label: 'University Management',
  timestamp: '2024-01-15T21:49:34.390Z'
}
{
  message: 'Application listening on port 5000',
  level: 'info',
  label: 'University Management',
  timestamp: '2024-01-15T21:49:34.401Z'
}
{
  message: '游릭 Database is connected successfully!',
  level: 'info',
  label: 'University Management',
  timestamp: '2024-01-15T21:49:41.612Z'
}
{
  message: 'Application listening on port 5000',
  level: 'info',
  label: 'University Management',
  timestamp: '2024-01-15T21:49:41.640Z'
}
{
  message: '游릭 Database is connected successfully!',
  level: 'info',
  label: 'University Management',
  timestamp: '2024-01-15T21:49:48.416Z'
}
{
  message: 'Application listening on port 5000',
  level: 'info',
  label: 'University Management',
  timestamp: '2024-01-15T21:49:48.425Z'
}
{
  message: '游릭 Database is connected successfully!',
  level: 'info',
  label: 'University Management',
  timestamp: '2024-01-15T21:50:17.219Z'
}
{
  message: 'Application listening on port 5000',
  level: 'info',
  label: 'University Management',
  timestamp: '2024-01-15T21:50:17.230Z'
}
{
  message: '游릭 Database is connected successfully!',
  level: 'info',
  label: 'University Management',
  timestamp: '2024-01-15T21:50:45.194Z'
}
{
  message: 'Application listening on port 5000',
  level: 'info',
  label: 'University Management',
  timestamp: '2024-01-15T21:50:45.204Z'
}
{
  message: '游릭 Database is connected successfully!',
  level: 'info',
  label: 'University Management',
  timestamp: '2024-01-15T21:50:51.313Z'
}
{
  message: 'Application listening on port 5000',
  level: 'info',
  label: 'University Management',
  timestamp: '2024-01-15T21:50:51.324Z'
}
{
  message: '游릭 Database is connected successfully!',
  level: 'info',
  label: 'University Management',
  timestamp: '2024-01-15T21:50:54.491Z'
}
{
  message: 'Application listening on port 5000',
  level: 'info',
  label: 'University Management',
  timestamp: '2024-01-15T21:50:54.500Z'
}
{
  message: '游릭 Database is connected successfully!',
  level: 'info',
  label: 'University Management',
  timestamp: '2024-01-15T21:50:56.339Z'
}
{
  message: 'Application listening on port 5000',
  level: 'info',
  label: 'University Management',
  timestamp: '2024-01-15T21:50:56.347Z'
}
