{
  message: '游릭 Database is connected successfully!',
  level: 'info',
  label: 'University Management',
  timestamp: '2024-01-20T00:00:33.238Z'
}
{
  message: 'Application listening on port 5000',
  level: 'info',
  label: 'University Management',
  timestamp: '2024-01-20T00:00:33.250Z'
}
{
  message: '游릭 Database is connected successfully!',
  level: 'info',
  label: 'University Management',
  timestamp: '2024-01-20T00:01:10.961Z'
}
{
  message: 'Application listening on port 5000',
  level: 'info',
  label: 'University Management',
  timestamp: '2024-01-20T00:01:10.969Z'
}
{
  message: '游릭 Database is connected successfully!',
  level: 'info',
  label: 'University Management',
  timestamp: '2024-01-20T00:01:33.711Z'
}
{
  message: 'Application listening on port 5000',
  level: 'info',
  label: 'University Management',
  timestamp: '2024-01-20T00:01:33.723Z'
}
{
  message: '游릭 Database is connected successfully!',
  level: 'info',
  label: 'University Management',
  timestamp: '2024-01-20T00:01:39.567Z'
}
{
  message: 'Application listening on port 5000',
  level: 'info',
  label: 'University Management',
  timestamp: '2024-01-20T00:01:39.580Z'
}
{
  message: '游릭 Database is connected successfully!',
  level: 'info',
  label: 'University Management',
  timestamp: '2024-01-20T00:01:43.870Z'
}
{
  message: 'Application listening on port 5000',
  level: 'info',
  label: 'University Management',
  timestamp: '2024-01-20T00:01:43.880Z'
}
{
  message: '游릭 Database is connected successfully!',
  level: 'info',
  label: 'University Management',
  timestamp: '2024-01-20T00:02:06.619Z'
}
{
  message: 'Application listening on port 5000',
  level: 'info',
  label: 'University Management',
  timestamp: '2024-01-20T00:02:06.628Z'
}
{
  message: '游릭 Database is connected successfully!',
  level: 'info',
  label: 'University Management',
  timestamp: '2024-01-20T00:04:04.639Z'
}
{
  message: 'Application listening on port 5000',
  level: 'info',
  label: 'University Management',
  timestamp: '2024-01-20T00:04:04.654Z'
}
{
  message: '游릭 Database is connected successfully!',
  level: 'info',
  label: 'University Management',
  timestamp: '2024-01-20T00:04:10.927Z'
}
{
  message: 'Application listening on port 5000',
  level: 'info',
  label: 'University Management',
  timestamp: '2024-01-20T00:04:10.936Z'
}
{
  message: '游릭 Database is connected successfully!',
  level: 'info',
  label: 'University Management',
  timestamp: '2024-01-20T00:04:13.490Z'
}
{
  message: 'Application listening on port 5000',
  level: 'info',
  label: 'University Management',
  timestamp: '2024-01-20T00:04:13.498Z'
}
{
  message: '游릭 Database is connected successfully!',
  level: 'info',
  label: 'University Management',
  timestamp: '2024-01-20T00:04:19.130Z'
}
{
  message: 'Application listening on port 5000',
  level: 'info',
  label: 'University Management',
  timestamp: '2024-01-20T00:04:19.140Z'
}
{
  message: '游릭 Database is connected successfully!',
  level: 'info',
  label: 'University Management',
  timestamp: '2024-01-20T00:04:25.941Z'
}
{
  message: 'Application listening on port 5000',
  level: 'info',
  label: 'University Management',
  timestamp: '2024-01-20T00:04:25.956Z'
}
{
  message: '游릭 Database is connected successfully!',
  level: 'info',
  label: 'University Management',
  timestamp: '2024-01-20T00:06:09.145Z'
}
{
  message: 'Application listening on port 5000',
  level: 'info',
  label: 'University Management',
  timestamp: '2024-01-20T00:06:09.156Z'
}
{
  message: '游릭 Database is connected successfully!',
  level: 'info',
  label: 'University Management',
  timestamp: '2024-01-20T00:06:11.127Z'
}
{
  message: 'Application listening on port 5000',
  level: 'info',
  label: 'University Management',
  timestamp: '2024-01-20T00:06:11.139Z'
}
{
  message: '游릭 Database is connected successfully!',
  level: 'info',
  label: 'University Management',
  timestamp: '2024-01-20T00:06:18.093Z'
}
{
  message: 'Application listening on port 5000',
  level: 'info',
  label: 'University Management',
  timestamp: '2024-01-20T00:06:18.104Z'
}
{
  message: '游릭 Database is connected successfully!',
  level: 'info',
  label: 'University Management',
  timestamp: '2024-01-20T00:06:41.522Z'
}
{
  message: 'Application listening on port 5000',
  level: 'info',
  label: 'University Management',
  timestamp: '2024-01-20T00:06:41.531Z'
}
{
  message: '游릭 Database is connected successfully!',
  level: 'info',
  label: 'University Management',
  timestamp: '2024-01-20T00:12:01.086Z'
}
{
  message: 'Application listening on port 5000',
  level: 'info',
  label: 'University Management',
  timestamp: '2024-01-20T00:12:01.094Z'
}
{
  message: '游릭 Database is connected successfully!',
  level: 'info',
  label: 'University Management',
  timestamp: '2024-01-20T00:12:28.914Z'
}
{
  message: 'Application listening on port 5000',
  level: 'info',
  label: 'University Management',
  timestamp: '2024-01-20T00:12:28.925Z'
}
{
  message: '游릭 Database is connected successfully!',
  level: 'info',
  label: 'University Management',
  timestamp: '2024-01-20T00:12:37.884Z'
}
{
  message: 'Application listening on port 5000',
  level: 'info',
  label: 'University Management',
  timestamp: '2024-01-20T00:12:37.896Z'
}
{
  message: '游릭 Database is connected successfully!',
  level: 'info',
  label: 'University Management',
  timestamp: '2024-01-20T00:12:48.960Z'
}
{
  message: 'Application listening on port 5000',
  level: 'info',
  label: 'University Management',
  timestamp: '2024-01-20T00:12:48.968Z'
}
{
  message: '游릭 Database is connected successfully!',
  level: 'info',
  label: 'University Management',
  timestamp: '2024-01-20T00:13:02.911Z'
}
{
  message: 'Application listening on port 5000',
  level: 'info',
  label: 'University Management',
  timestamp: '2024-01-20T00:13:02.923Z'
}
{
  message: '游릭 Database is connected successfully!',
  level: 'info',
  label: 'University Management',
  timestamp: '2024-01-20T00:13:10.060Z'
}
{
  message: 'Application listening on port 5000',
  level: 'info',
  label: 'University Management',
  timestamp: '2024-01-20T00:13:10.075Z'
}
{
  message: '游릭 Database is connected successfully!',
  level: 'info',
  label: 'University Management',
  timestamp: '2024-01-20T00:13:12.627Z'
}
{
  message: 'Application listening on port 5000',
  level: 'info',
  label: 'University Management',
  timestamp: '2024-01-20T00:13:12.636Z'
}
{
  message: '游릭 Database is connected successfully!',
  level: 'info',
  label: 'University Management',
  timestamp: '2024-01-20T00:13:40.125Z'
}
{
  message: 'Application listening on port 5000',
  level: 'info',
  label: 'University Management',
  timestamp: '2024-01-20T00:13:40.147Z'
}
{
  message: '游릭 Database is connected successfully!',
  level: 'info',
  label: 'University Management',
  timestamp: '2024-01-20T00:13:44.404Z'
}
{
  message: 'Application listening on port 5000',
  level: 'info',
  label: 'University Management',
  timestamp: '2024-01-20T00:13:44.415Z'
}
{
  message: '游릭 Database is connected successfully!',
  level: 'info',
  label: 'University Management',
  timestamp: '2024-01-20T00:13:51.475Z'
}
{
  message: 'Application listening on port 5000',
  level: 'info',
  label: 'University Management',
  timestamp: '2024-01-20T00:13:51.485Z'
}
{
  message: '游릭 Database is connected successfully!',
  level: 'info',
  label: 'University Management',
  timestamp: '2024-01-20T00:14:14.119Z'
}
{
  message: 'Application listening on port 5000',
  level: 'info',
  label: 'University Management',
  timestamp: '2024-01-20T00:14:14.129Z'
}
{
  message: '游릭 Database is connected successfully!',
  level: 'info',
  label: 'University Management',
  timestamp: '2024-01-20T00:14:17.036Z'
}
{
  message: 'Application listening on port 5000',
  level: 'info',
  label: 'University Management',
  timestamp: '2024-01-20T00:14:17.046Z'
}
{
  message: '游릭 Database is connected successfully!',
  level: 'info',
  label: 'University Management',
  timestamp: '2024-01-20T00:14:27.134Z'
}
{
  message: 'Application listening on port 5000',
  level: 'info',
  label: 'University Management',
  timestamp: '2024-01-20T00:14:27.149Z'
}
{
  message: '游릭 Database is connected successfully!',
  level: 'info',
  label: 'University Management',
  timestamp: '2024-01-20T00:14:31.318Z'
}
{
  message: 'Application listening on port 5000',
  level: 'info',
  label: 'University Management',
  timestamp: '2024-01-20T00:14:31.327Z'
}
{
  message: '游릭 Database is connected successfully!',
  level: 'info',
  label: 'University Management',
  timestamp: '2024-01-20T00:16:33.574Z'
}
{
  message: 'Application listening on port 5000',
  level: 'info',
  label: 'University Management',
  timestamp: '2024-01-20T00:16:33.585Z'
}
{
  message: '游릭 Database is connected successfully!',
  level: 'info',
  label: 'University Management',
  timestamp: '2024-01-20T00:16:53.828Z'
}
{
  message: 'Application listening on port 5000',
  level: 'info',
  label: 'University Management',
  timestamp: '2024-01-20T00:16:53.836Z'
}
{
  message: '游릭 Database is connected successfully!',
  level: 'info',
  label: 'University Management',
  timestamp: '2024-01-20T00:17:13.436Z'
}
{
  message: 'Application listening on port 5000',
  level: 'info',
  label: 'University Management',
  timestamp: '2024-01-20T00:17:13.463Z'
}
{
  message: '游릭 Database is connected successfully!',
  level: 'info',
  label: 'University Management',
  timestamp: '2024-01-20T00:17:34.477Z'
}
{
  message: 'Application listening on port 5000',
  level: 'info',
  label: 'University Management',
  timestamp: '2024-01-20T00:17:34.494Z'
}
{
  message: '游릭 Database is connected successfully!',
  level: 'info',
  label: 'University Management',
  timestamp: '2024-01-20T00:18:15.664Z'
}
{
  message: 'Application listening on port 5000',
  level: 'info',
  label: 'University Management',
  timestamp: '2024-01-20T00:18:15.682Z'
}
{
  message: '游릭 Database is connected successfully!',
  level: 'info',
  label: 'University Management',
  timestamp: '2024-01-20T00:18:18.278Z'
}
{
  message: 'Application listening on port 5000',
  level: 'info',
  label: 'University Management',
  timestamp: '2024-01-20T00:18:18.288Z'
}
{
  message: '游릭 Database is connected successfully!',
  level: 'info',
  label: 'University Management',
  timestamp: '2024-01-20T00:18:23.198Z'
}
{
  message: 'Application listening on port 5000',
  level: 'info',
  label: 'University Management',
  timestamp: '2024-01-20T00:18:23.207Z'
}
{
  message: '游릭 Database is connected successfully!',
  level: 'info',
  label: 'University Management',
  timestamp: '2024-01-20T00:18:42.345Z'
}
{
  message: 'Application listening on port 5000',
  level: 'info',
  label: 'University Management',
  timestamp: '2024-01-20T00:18:42.358Z'
}
{
  message: '游릭 Database is connected successfully!',
  level: 'info',
  label: 'University Management',
  timestamp: '2024-01-20T00:18:53.947Z'
}
{
  message: 'Application listening on port 5000',
  level: 'info',
  label: 'University Management',
  timestamp: '2024-01-20T00:18:53.964Z'
}
{
  message: '游릭 Database is connected successfully!',
  level: 'info',
  label: 'University Management',
  timestamp: '2024-01-20T00:18:57.833Z'
}
{
  message: 'Application listening on port 5000',
  level: 'info',
  label: 'University Management',
  timestamp: '2024-01-20T00:18:57.859Z'
}
{
  message: '游릭 Database is connected successfully!',
  level: 'info',
  label: 'University Management',
  timestamp: '2024-01-20T00:19:06.049Z'
}
{
  message: 'Application listening on port 5000',
  level: 'info',
  label: 'University Management',
  timestamp: '2024-01-20T00:19:06.070Z'
}
{
  message: '游릭 Database is connected successfully!',
  level: 'info',
  label: 'University Management',
  timestamp: '2024-01-20T00:25:24.316Z'
}
{
  message: 'Application listening on port 5000',
  level: 'info',
  label: 'University Management',
  timestamp: '2024-01-20T00:25:24.332Z'
}
{
  message: '游릭 Database is connected successfully!',
  level: 'info',
  label: 'University Management',
  timestamp: '2024-01-20T00:26:54.239Z'
}
{
  message: 'Application listening on port 5000',
  level: 'info',
  label: 'University Management',
  timestamp: '2024-01-20T00:26:54.253Z'
}
{
  message: '游릭 Database is connected successfully!',
  level: 'info',
  label: 'University Management',
  timestamp: '2024-01-20T00:27:02.355Z'
}
{
  message: 'Application listening on port 5000',
  level: 'info',
  label: 'University Management',
  timestamp: '2024-01-20T00:27:02.364Z'
}
{
  message: '游릭 Database is connected successfully!',
  level: 'info',
  label: 'University Management',
  timestamp: '2024-01-20T00:27:22.155Z'
}
{
  message: 'Application listening on port 5000',
  level: 'info',
  label: 'University Management',
  timestamp: '2024-01-20T00:27:22.165Z'
}
{
  message: '游릭 Database is connected successfully!',
  level: 'info',
  label: 'University Management',
  timestamp: '2024-01-20T00:27:25.615Z'
}
{
  message: 'Application listening on port 5000',
  level: 'info',
  label: 'University Management',
  timestamp: '2024-01-20T00:27:25.623Z'
}
{
  message: '游릭 Database is connected successfully!',
  level: 'info',
  label: 'University Management',
  timestamp: '2024-01-20T00:27:30.102Z'
}
{
  message: 'Application listening on port 5000',
  level: 'info',
  label: 'University Management',
  timestamp: '2024-01-20T00:27:30.111Z'
}
{
  message: '游릭 Database is connected successfully!',
  level: 'info',
  label: 'University Management',
  timestamp: '2024-01-20T00:27:33.563Z'
}
{
  message: 'Application listening on port 5000',
  level: 'info',
  label: 'University Management',
  timestamp: '2024-01-20T00:27:33.575Z'
}
{
  message: '游릭 Database is connected successfully!',
  level: 'info',
  label: 'University Management',
  timestamp: '2024-01-20T00:27:36.201Z'
}
{
  message: 'Application listening on port 5000',
  level: 'info',
  label: 'University Management',
  timestamp: '2024-01-20T00:27:36.211Z'
}
{
  message: '游릭 Database is connected successfully!',
  level: 'info',
  label: 'University Management',
  timestamp: '2024-01-20T00:29:25.489Z'
}
{
  message: 'Application listening on port 5000',
  level: 'info',
  label: 'University Management',
  timestamp: '2024-01-20T00:29:25.499Z'
}
{
  message: '游릭 Database is connected successfully!',
  level: 'info',
  label: 'University Management',
  timestamp: '2024-01-20T00:29:41.931Z'
}
{
  message: 'Application listening on port 5000',
  level: 'info',
  label: 'University Management',
  timestamp: '2024-01-20T00:29:41.939Z'
}
{
  message: '游릭 Database is connected successfully!',
  level: 'info',
  label: 'University Management',
  timestamp: '2024-01-20T00:29:49.077Z'
}
{
  message: 'Application listening on port 5000',
  level: 'info',
  label: 'University Management',
  timestamp: '2024-01-20T00:29:49.086Z'
}
{
  message: '游릭 Database is connected successfully!',
  level: 'info',
  label: 'University Management',
  timestamp: '2024-01-20T00:30:24.120Z'
}
{
  message: 'Application listening on port 5000',
  level: 'info',
  label: 'University Management',
  timestamp: '2024-01-20T00:30:24.129Z'
}
{
  message: '游릭 Database is connected successfully!',
  level: 'info',
  label: 'University Management',
  timestamp: '2024-01-20T00:31:51.205Z'
}
{
  message: 'Application listening on port 5000',
  level: 'info',
  label: 'University Management',
  timestamp: '2024-01-20T00:31:51.218Z'
}
{
  message: '游릭 Database is connected successfully!',
  level: 'info',
  label: 'University Management',
  timestamp: '2024-01-20T00:31:58.268Z'
}
{
  message: 'Application listening on port 5000',
  level: 'info',
  label: 'University Management',
  timestamp: '2024-01-20T00:31:58.278Z'
}
{
  message: '游릭 Database is connected successfully!',
  level: 'info',
  label: 'University Management',
  timestamp: '2024-01-20T00:32:02.373Z'
}
{
  message: 'Application listening on port 5000',
  level: 'info',
  label: 'University Management',
  timestamp: '2024-01-20T00:32:02.382Z'
}
{
  message: '游릭 Database is connected successfully!',
  level: 'info',
  label: 'University Management',
  timestamp: '2024-01-20T00:33:39.684Z'
}
{
  message: 'Application listening on port 5000',
  level: 'info',
  label: 'University Management',
  timestamp: '2024-01-20T00:33:39.694Z'
}
{
  message: '游릭 Database is connected successfully!',
  level: 'info',
  label: 'University Management',
  timestamp: '2024-01-20T00:34:53.708Z'
}
{
  message: 'Application listening on port 5000',
  level: 'info',
  label: 'University Management',
  timestamp: '2024-01-20T00:34:53.716Z'
}
{
  message: '游릭 Database is connected successfully!',
  level: 'info',
  label: 'University Management',
  timestamp: '2024-01-20T00:35:05.962Z'
}
{
  message: 'Application listening on port 5000',
  level: 'info',
  label: 'University Management',
  timestamp: '2024-01-20T00:35:05.975Z'
}
{
  message: '游릭 Database is connected successfully!',
  level: 'info',
  label: 'University Management',
  timestamp: '2024-01-20T00:35:15.633Z'
}
{
  message: 'Application listening on port 5000',
  level: 'info',
  label: 'University Management',
  timestamp: '2024-01-20T00:35:15.642Z'
}
{
  message: '游릭 Database is connected successfully!',
  level: 'info',
  label: 'University Management',
  timestamp: '2024-01-20T00:35:30.481Z'
}
{
  message: 'Application listening on port 5000',
  level: 'info',
  label: 'University Management',
  timestamp: '2024-01-20T00:35:30.491Z'
}
{
  message: '游릭 Database is connected successfully!',
  level: 'info',
  label: 'University Management',
  timestamp: '2024-01-20T00:35:33.880Z'
}
{
  message: 'Application listening on port 5000',
  level: 'info',
  label: 'University Management',
  timestamp: '2024-01-20T00:35:33.888Z'
}
{
  message: '游릭 Database is connected successfully!',
  level: 'info',
  label: 'University Management',
  timestamp: '2024-01-20T00:35:36.262Z'
}
{
  message: 'Application listening on port 5000',
  level: 'info',
  label: 'University Management',
  timestamp: '2024-01-20T00:35:36.271Z'
}
Sat Jan 20 2024 6 : 36 : 9}
   [University Management] info: 游릭 Database is connected successfully!
Sat Jan 20 2024 6 : 36 : 9}
   [University Management] info: Application listening on port 5000
Sat Jan 20 2024 6 : 36 : 14}
   [University Management] info: 游릭 Database is connected successfully!
Sat Jan 20 2024 6 : 36 : 14}
   [University Management] info: Application listening on port 5000
Sat Jan 20 2024 6 : 40 : 24}
   [University Management] info: 游릭 Database is connected successfully!
Sat Jan 20 2024 6 : 40 : 24}
   [University Management] info: Application listening on port 5000
Sat Jan 20 2024 6 : 40 : 32}
   [University Management] info: 游릭 Database is connected successfully!
Sat Jan 20 2024 6 : 40 : 32}
   [University Management] info: Application listening on port 5000
Sat Jan 20 2024 6 : 40 : 38}
   [University Management] info: 游릭 Database is connected successfully!
Sat Jan 20 2024 6 : 40 : 38}
   [University Management] info: Application listening on port 5000
Sat Jan 20 2024 6 : 41 : 22}
   [University Management] info: 游릭 Database is connected successfully!
Sat Jan 20 2024 6 : 41 : 22}
   [University Management] info: Application listening on port 5000
Sat Jan 20 2024 6 : 42 : 1}
   [University Management] info: 游릭 Database is connected successfully!
Sat Jan 20 2024 6 : 42 : 1}
   [University Management] info: Application listening on port 5000
Sat Jan 20 2024 6 : 43 : 44}
   [University Management] info: 游릭 Database is connected successfully!
Sat Jan 20 2024 6 : 43 : 44}
   [University Management] info: Application listening on port 5000
Sat Jan 20 2024 6 : 49 : 52}
   [University Management] info: 游릭 Database is connected successfully!
Sat Jan 20 2024 6 : 49 : 52}
   [University Management] info: Application listening on port 5000
Sat Jan 20 2024 6 : 52 : 0}
   [University Management] info: 游릭 Database is connected successfully!
Sat Jan 20 2024 6 : 52 : 0}
   [University Management] info: Application listening on port 5000
Sat Jan 20 2024 6 : 52 : 7}
   [University Management] info: 游릭 Database is connected successfully!
Sat Jan 20 2024 6 : 52 : 7}
   [University Management] info: Application listening on port 5000
Sat Jan 20 2024 6 : 52 : 10}
   [University Management] info: 游릭 Database is connected successfully!
Sat Jan 20 2024 6 : 52 : 10}
   [University Management] info: Application listening on port 5000
Sat Jan 20 2024 6 : 53 : 33}
   [University Management] info: 游릭 Database is connected successfully!
Sat Jan 20 2024 6 : 53 : 33}
   [University Management] info: Application listening on port 5000
Sat Jan 20 2024 6 : 53 : 45}
   [University Management] info: 游릭 Database is connected successfully!
Sat Jan 20 2024 6 : 53 : 45}
   [University Management] info: Application listening on port 5000
Sat Jan 20 2024 6 : 54 : 24}
   [University Management] info: 游릭 Database is connected successfully!
Sat Jan 20 2024 6 : 54 : 24}
   [University Management] info: Application listening on port 5000
Sat Jan 20 2024 6 : 54 : 52}
   [University Management] info: 游릭 Database is connected successfully!
Sat Jan 20 2024 6 : 54 : 52}
   [University Management] info: Application listening on port 5000
Sat Jan 20 2024 6 : 58 : 39}
   [University Management] info: 游릭 Database is connected successfully!
Sat Jan 20 2024 6 : 58 : 39}
   [University Management] info: Application listening on port 5000
Sat Jan 20 2024 6 : 59 : 25}
   [University Management] info: 游릭 Database is connected successfully!
Sat Jan 20 2024 6 : 59 : 25}
   [University Management] info: Application listening on port 5000
Sat Jan 20 2024 6 : 59 : 38}
   [University Management] info: 游릭 Database is connected successfully!
Sat Jan 20 2024 6 : 59 : 38}
   [University Management] info: Application listening on port 5000
Sat Jan 20 2024 6 : 59 : 42}
   [University Management] info: 游릭 Database is connected successfully!
Sat Jan 20 2024 6 : 59 : 42}
   [University Management] info: Application listening on port 5000
