{
  message: '游릭 Database is connected successfully!',
  level: 'info',
  label: 'University Management',
  timestamp: '2024-01-16T04:49:07.525Z'
}
{
  message: 'Application listening on port 5000',
  level: 'info',
  label: 'University Management',
  timestamp: '2024-01-16T04:49:07.537Z'
}
{
  message: '游릭 Database is connected successfully!',
  level: 'info',
  label: 'University Management',
  timestamp: '2024-01-16T04:50:06.192Z'
}
{
  message: 'Application listening on port 5000',
  level: 'info',
  label: 'University Management',
  timestamp: '2024-01-16T04:50:06.202Z'
}
{
  message: '游릭 Database is connected successfully!',
  level: 'info',
  label: 'University Management',
  timestamp: '2024-01-16T04:50:17.286Z'
}
{
  message: 'Application listening on port 5000',
  level: 'info',
  label: 'University Management',
  timestamp: '2024-01-16T04:50:17.305Z'
}
{
  message: '游릭 Database is connected successfully!',
  level: 'info',
  label: 'University Management',
  timestamp: '2024-01-16T04:50:57.071Z'
}
{
  message: 'Application listening on port 5000',
  level: 'info',
  label: 'University Management',
  timestamp: '2024-01-16T04:50:57.083Z'
}
{
  message: '游릭 Database is connected successfully!',
  level: 'info',
  label: 'University Management',
  timestamp: '2024-01-16T04:51:04.667Z'
}
{
  message: 'Application listening on port 5000',
  level: 'info',
  label: 'University Management',
  timestamp: '2024-01-16T04:51:04.678Z'
}
{
  message: '游릭 Database is connected successfully!',
  level: 'info',
  label: 'University Management',
  timestamp: '2024-01-16T04:51:21.344Z'
}
{
  message: 'Application listening on port 5000',
  level: 'info',
  label: 'University Management',
  timestamp: '2024-01-16T04:51:21.354Z'
}
{
  message: '游릭 Database is connected successfully!',
  level: 'info',
  label: 'University Management',
  timestamp: '2024-01-16T04:51:34.467Z'
}
{
  message: 'Application listening on port 5000',
  level: 'info',
  label: 'University Management',
  timestamp: '2024-01-16T04:51:34.477Z'
}
{
  message: '游릭 Database is connected successfully!',
  level: 'info',
  label: 'University Management',
  timestamp: '2024-01-16T04:51:41.022Z'
}
{
  message: 'Application listening on port 5000',
  level: 'info',
  label: 'University Management',
  timestamp: '2024-01-16T04:51:41.035Z'
}
{
  message: '游릭 Database is connected successfully!',
  level: 'info',
  label: 'University Management',
  timestamp: '2024-01-16T04:51:45.583Z'
}
{
  message: 'Application listening on port 5000',
  level: 'info',
  label: 'University Management',
  timestamp: '2024-01-16T04:51:45.594Z'
}
{
  message: '游릭 Database is connected successfully!',
  level: 'info',
  label: 'University Management',
  timestamp: '2024-01-16T04:52:29.462Z'
}
{
  message: 'Application listening on port 5000',
  level: 'info',
  label: 'University Management',
  timestamp: '2024-01-16T04:52:29.472Z'
}
{
  message: '游릭 Database is connected successfully!',
  level: 'info',
  label: 'University Management',
  timestamp: '2024-01-16T04:52:39.779Z'
}
{
  message: 'Application listening on port 5000',
  level: 'info',
  label: 'University Management',
  timestamp: '2024-01-16T04:52:39.790Z'
}
{
  message: '游릭 Database is connected successfully!',
  level: 'info',
  label: 'University Management',
  timestamp: '2024-01-16T04:52:46.684Z'
}
{
  message: 'Application listening on port 5000',
  level: 'info',
  label: 'University Management',
  timestamp: '2024-01-16T04:52:46.694Z'
}
{
  message: '游릭 Database is connected successfully!',
  level: 'info',
  label: 'University Management',
  timestamp: '2024-01-16T04:53:05.577Z'
}
{
  message: 'Application listening on port 5000',
  level: 'info',
  label: 'University Management',
  timestamp: '2024-01-16T04:53:05.586Z'
}
{
  message: '游릭 Database is connected successfully!',
  level: 'info',
  label: 'University Management',
  timestamp: '2024-01-16T04:53:09.106Z'
}
{
  message: 'Application listening on port 5000',
  level: 'info',
  label: 'University Management',
  timestamp: '2024-01-16T04:53:09.119Z'
}
{
  message: '游릭 Database is connected successfully!',
  level: 'info',
  label: 'University Management',
  timestamp: '2024-01-16T04:53:13.971Z'
}
{
  message: 'Application listening on port 5000',
  level: 'info',
  label: 'University Management',
  timestamp: '2024-01-16T04:53:13.980Z'
}
{
  message: '游릭 Database is connected successfully!',
  level: 'info',
  label: 'University Management',
  timestamp: '2024-01-16T04:53:20.326Z'
}
{
  message: 'Application listening on port 5000',
  level: 'info',
  label: 'University Management',
  timestamp: '2024-01-16T04:53:20.340Z'
}
{
  message: '游릭 Database is connected successfully!',
  level: 'info',
  label: 'University Management',
  timestamp: '2024-01-16T04:53:26.804Z'
}
{
  message: 'Application listening on port 5000',
  level: 'info',
  label: 'University Management',
  timestamp: '2024-01-16T04:53:26.815Z'
}
{
  message: '游릭 Database is connected successfully!',
  level: 'info',
  label: 'University Management',
  timestamp: '2024-01-16T04:53:31.327Z'
}
{
  message: 'Application listening on port 5000',
  level: 'info',
  label: 'University Management',
  timestamp: '2024-01-16T04:53:31.338Z'
}
{
  message: '游릭 Database is connected successfully!',
  level: 'info',
  label: 'University Management',
  timestamp: '2024-01-16T04:57:54.369Z'
}
{
  message: 'Application listening on port 5000',
  level: 'info',
  label: 'University Management',
  timestamp: '2024-01-16T04:57:54.384Z'
}
{
  message: '游릭 Database is connected successfully!',
  level: 'info',
  label: 'University Management',
  timestamp: '2024-01-16T04:57:57.203Z'
}
{
  message: 'Application listening on port 5000',
  level: 'info',
  label: 'University Management',
  timestamp: '2024-01-16T04:57:57.216Z'
}
{
  message: '游릭 Database is connected successfully!',
  level: 'info',
  label: 'University Management',
  timestamp: '2024-01-16T04:58:23.258Z'
}
{
  message: 'Application listening on port 5000',
  level: 'info',
  label: 'University Management',
  timestamp: '2024-01-16T04:58:23.269Z'
}
{
  message: '游릭 Database is connected successfully!',
  level: 'info',
  label: 'University Management',
  timestamp: '2024-01-16T04:58:41.246Z'
}
{
  message: 'Application listening on port 5000',
  level: 'info',
  label: 'University Management',
  timestamp: '2024-01-16T04:58:41.260Z'
}
{
  message: '游릭 Database is connected successfully!',
  level: 'info',
  label: 'University Management',
  timestamp: '2024-01-16T04:58:46.859Z'
}
{
  message: 'Application listening on port 5000',
  level: 'info',
  label: 'University Management',
  timestamp: '2024-01-16T04:58:46.869Z'
}
{
  message: '游릭 Database is connected successfully!',
  level: 'info',
  label: 'University Management',
  timestamp: '2024-01-16T04:59:03.085Z'
}
{
  message: 'Application listening on port 5000',
  level: 'info',
  label: 'University Management',
  timestamp: '2024-01-16T04:59:03.097Z'
}
{
  message: '游릭 Database is connected successfully!',
  level: 'info',
  label: 'University Management',
  timestamp: '2024-01-16T04:59:09.492Z'
}
{
  message: 'Application listening on port 5000',
  level: 'info',
  label: 'University Management',
  timestamp: '2024-01-16T04:59:09.503Z'
}
{
  message: '游릭 Database is connected successfully!',
  level: 'info',
  label: 'University Management',
  timestamp: '2024-01-16T04:59:13.835Z'
}
{
  message: 'Application listening on port 5000',
  level: 'info',
  label: 'University Management',
  timestamp: '2024-01-16T04:59:13.851Z'
}
{
  message: '游릭 Database is connected successfully!',
  level: 'info',
  label: 'University Management',
  timestamp: '2024-01-16T04:59:29.491Z'
}
{
  message: 'Application listening on port 5000',
  level: 'info',
  label: 'University Management',
  timestamp: '2024-01-16T04:59:29.506Z'
}
{
  message: '游릭 Database is connected successfully!',
  level: 'info',
  label: 'University Management',
  timestamp: '2024-01-16T04:59:31.472Z'
}
{
  message: 'Application listening on port 5000',
  level: 'info',
  label: 'University Management',
  timestamp: '2024-01-16T04:59:31.483Z'
}
{
  message: '游릭 Database is connected successfully!',
  level: 'info',
  label: 'University Management',
  timestamp: '2024-01-16T04:59:40.605Z'
}
{
  message: 'Application listening on port 5000',
  level: 'info',
  label: 'University Management',
  timestamp: '2024-01-16T04:59:40.616Z'
}
