{
  message: '游릭 Database is connected successfully!',
  level: 'info',
  label: 'University Management',
  timestamp: '2024-01-14T18:00:17.522Z'
}
{
  message: 'Application listening on port 5000',
  level: 'info',
  label: 'University Management',
  timestamp: '2024-01-14T18:00:17.535Z'
}
{
  message: '游릭 Database is connected successfully!',
  level: 'info',
  label: 'University Management',
  timestamp: '2024-01-14T18:04:52.657Z'
}
{
  message: 'Application listening on port 5000',
  level: 'info',
  label: 'University Management',
  timestamp: '2024-01-14T18:04:52.666Z'
}
{
  message: '游릭 Database is connected successfully!',
  level: 'info',
  label: 'University Management',
  timestamp: '2024-01-14T18:04:57.017Z'
}
{
  message: 'Application listening on port 5000',
  level: 'info',
  label: 'University Management',
  timestamp: '2024-01-14T18:04:57.025Z'
}
{
  message: '游릭 Database is connected successfully!',
  level: 'info',
  label: 'University Management',
  timestamp: '2024-01-14T18:07:43.711Z'
}
{
  message: 'Application listening on port 5000',
  level: 'info',
  label: 'University Management',
  timestamp: '2024-01-14T18:07:43.718Z'
}
{
  message: '游릭 Database is connected successfully!',
  level: 'info',
  label: 'University Management',
  timestamp: '2024-01-14T18:08:21.955Z'
}
{
  message: 'Application listening on port 5000',
  level: 'info',
  label: 'University Management',
  timestamp: '2024-01-14T18:08:21.969Z'
}
{
  message: '游릭 Database is connected successfully!',
  level: 'info',
  label: 'University Management',
  timestamp: '2024-01-14T18:08:24.956Z'
}
{
  message: 'Application listening on port 5000',
  level: 'info',
  label: 'University Management',
  timestamp: '2024-01-14T18:08:24.966Z'
}
{
  message: '游릭 Database is connected successfully!',
  level: 'info',
  label: 'University Management',
  timestamp: '2024-01-14T18:08:30.057Z'
}
{
  message: 'Application listening on port 5000',
  level: 'info',
  label: 'University Management',
  timestamp: '2024-01-14T18:08:30.067Z'
}
{
  message: '游릭 Database is connected successfully!',
  level: 'info',
  label: 'University Management',
  timestamp: '2024-01-14T18:09:40.077Z'
}
{
  message: 'Application listening on port 5000',
  level: 'info',
  label: 'University Management',
  timestamp: '2024-01-14T18:09:40.087Z'
}
{
  message: '游릭 Database is connected successfully!',
  level: 'info',
  label: 'University Management',
  timestamp: '2024-01-14T18:09:58.298Z'
}
{
  message: 'Application listening on port 5000',
  level: 'info',
  label: 'University Management',
  timestamp: '2024-01-14T18:09:58.307Z'
}
{
  message: '游릭 Database is connected successfully!',
  level: 'info',
  label: 'University Management',
  timestamp: '2024-01-14T18:10:02.703Z'
}
{
  message: 'Application listening on port 5000',
  level: 'info',
  label: 'University Management',
  timestamp: '2024-01-14T18:10:02.711Z'
}
{
  message: '游릭 Database is connected successfully!',
  level: 'info',
  label: 'University Management',
  timestamp: '2024-01-14T18:11:37.134Z'
}
{
  message: 'Application listening on port 5000',
  level: 'info',
  label: 'University Management',
  timestamp: '2024-01-14T18:11:37.145Z'
}
{
  message: '游릭 Database is connected successfully!',
  level: 'info',
  label: 'University Management',
  timestamp: '2024-01-14T18:11:45.127Z'
}
{
  message: 'Application listening on port 5000',
  level: 'info',
  label: 'University Management',
  timestamp: '2024-01-14T18:11:45.135Z'
}
{
  message: '游릭 Database is connected successfully!',
  level: 'info',
  label: 'University Management',
  timestamp: '2024-01-14T18:11:53.966Z'
}
{
  message: 'Application listening on port 5000',
  level: 'info',
  label: 'University Management',
  timestamp: '2024-01-14T18:11:53.975Z'
}
{
  message: '游릭 Database is connected successfully!',
  level: 'info',
  label: 'University Management',
  timestamp: '2024-01-14T18:12:00.830Z'
}
{
  message: 'Application listening on port 5000',
  level: 'info',
  label: 'University Management',
  timestamp: '2024-01-14T18:12:00.845Z'
}
{
  message: '游릭 Database is connected successfully!',
  level: 'info',
  label: 'University Management',
  timestamp: '2024-01-14T18:12:09.609Z'
}
{
  message: 'Application listening on port 5000',
  level: 'info',
  label: 'University Management',
  timestamp: '2024-01-14T18:12:09.617Z'
}
{
  message: '游릭 Database is connected successfully!',
  level: 'info',
  label: 'University Management',
  timestamp: '2024-01-14T18:12:17.106Z'
}
{
  message: 'Application listening on port 5000',
  level: 'info',
  label: 'University Management',
  timestamp: '2024-01-14T18:12:17.120Z'
}
{
  message: '游릭 Database is connected successfully!',
  level: 'info',
  label: 'University Management',
  timestamp: '2024-01-14T18:12:48.774Z'
}
{
  message: 'Application listening on port 5000',
  level: 'info',
  label: 'University Management',
  timestamp: '2024-01-14T18:12:48.782Z'
}
{
  message: '游릭 Database is connected successfully!',
  level: 'info',
  label: 'University Management',
  timestamp: '2024-01-14T18:12:50.817Z'
}
{
  message: 'Application listening on port 5000',
  level: 'info',
  label: 'University Management',
  timestamp: '2024-01-14T18:12:50.826Z'
}
{
  message: '游릭 Database is connected successfully!',
  level: 'info',
  label: 'University Management',
  timestamp: '2024-01-14T18:12:53.598Z'
}
{
  message: 'Application listening on port 5000',
  level: 'info',
  label: 'University Management',
  timestamp: '2024-01-14T18:12:53.607Z'
}
{
  message: '游릭 Database is connected successfully!',
  level: 'info',
  label: 'University Management',
  timestamp: '2024-01-14T18:13:04.129Z'
}
{
  message: 'Application listening on port 5000',
  level: 'info',
  label: 'University Management',
  timestamp: '2024-01-14T18:13:04.139Z'
}
{
  message: '游릭 Database is connected successfully!',
  level: 'info',
  label: 'University Management',
  timestamp: '2024-01-14T18:13:43.195Z'
}
{
  message: 'Application listening on port 5000',
  level: 'info',
  label: 'University Management',
  timestamp: '2024-01-14T18:13:43.204Z'
}
{
  message: '游릭 Database is connected successfully!',
  level: 'info',
  label: 'University Management',
  timestamp: '2024-01-14T18:14:35.782Z'
}
{
  message: 'Application listening on port 5000',
  level: 'info',
  label: 'University Management',
  timestamp: '2024-01-14T18:14:35.790Z'
}
{
  message: '游릭 Database is connected successfully!',
  level: 'info',
  label: 'University Management',
  timestamp: '2024-01-14T18:14:43.055Z'
}
{
  message: 'Application listening on port 5000',
  level: 'info',
  label: 'University Management',
  timestamp: '2024-01-14T18:14:43.062Z'
}
{
  message: '游릭 Database is connected successfully!',
  level: 'info',
  label: 'University Management',
  timestamp: '2024-01-14T18:14:48.063Z'
}
{
  message: 'Application listening on port 5000',
  level: 'info',
  label: 'University Management',
  timestamp: '2024-01-14T18:14:48.074Z'
}
{
  message: '游릭 Database is connected successfully!',
  level: 'info',
  label: 'University Management',
  timestamp: '2024-01-14T18:14:53.359Z'
}
{
  message: 'Application listening on port 5000',
  level: 'info',
  label: 'University Management',
  timestamp: '2024-01-14T18:14:53.375Z'
}
{
  message: '游릭 Database is connected successfully!',
  level: 'info',
  label: 'University Management',
  timestamp: '2024-01-14T18:14:57.777Z'
}
{
  message: 'Application listening on port 5000',
  level: 'info',
  label: 'University Management',
  timestamp: '2024-01-14T18:14:57.786Z'
}
{
  message: '游릭 Database is connected successfully!',
  level: 'info',
  label: 'University Management',
  timestamp: '2024-01-14T18:15:28.422Z'
}
{
  message: 'Application listening on port 5000',
  level: 'info',
  label: 'University Management',
  timestamp: '2024-01-14T18:15:28.429Z'
}
{
  message: '游릭 Database is connected successfully!',
  level: 'info',
  label: 'University Management',
  timestamp: '2024-01-14T18:15:33.122Z'
}
{
  message: 'Application listening on port 5000',
  level: 'info',
  label: 'University Management',
  timestamp: '2024-01-14T18:15:33.129Z'
}
{
  message: '游릭 Database is connected successfully!',
  level: 'info',
  label: 'University Management',
  timestamp: '2024-01-14T18:16:36.456Z'
}
{
  message: 'Application listening on port 5000',
  level: 'info',
  label: 'University Management',
  timestamp: '2024-01-14T18:16:36.512Z'
}
{
  message: '游릭 Database is connected successfully!',
  level: 'info',
  label: 'University Management',
  timestamp: '2024-01-14T18:16:39.397Z'
}
{
  message: 'Application listening on port 5000',
  level: 'info',
  label: 'University Management',
  timestamp: '2024-01-14T18:16:39.406Z'
}
{
  message: '游릭 Database is connected successfully!',
  level: 'info',
  label: 'University Management',
  timestamp: '2024-01-14T18:17:49.322Z'
}
{
  message: 'Application listening on port 5000',
  level: 'info',
  label: 'University Management',
  timestamp: '2024-01-14T18:17:49.331Z'
}
{
  message: '游릭 Database is connected successfully!',
  level: 'info',
  label: 'University Management',
  timestamp: '2024-01-14T18:17:53.890Z'
}
{
  message: 'Application listening on port 5000',
  level: 'info',
  label: 'University Management',
  timestamp: '2024-01-14T18:17:53.912Z'
}
{
  message: '游릭 Database is connected successfully!',
  level: 'info',
  label: 'University Management',
  timestamp: '2024-01-14T18:19:49.822Z'
}
{
  message: 'Application listening on port 5000',
  level: 'info',
  label: 'University Management',
  timestamp: '2024-01-14T18:19:49.830Z'
}
{
  message: '游릭 Database is connected successfully!',
  level: 'info',
  label: 'University Management',
  timestamp: '2024-01-14T18:19:53.612Z'
}
{
  message: 'Application listening on port 5000',
  level: 'info',
  label: 'University Management',
  timestamp: '2024-01-14T18:19:53.629Z'
}
{
  message: '游릭 Database is connected successfully!',
  level: 'info',
  label: 'University Management',
  timestamp: '2024-01-14T18:20:00.729Z'
}
{
  message: 'Application listening on port 5000',
  level: 'info',
  label: 'University Management',
  timestamp: '2024-01-14T18:20:00.737Z'
}
{
  message: '游릭 Database is connected successfully!',
  level: 'info',
  label: 'University Management',
  timestamp: '2024-01-14T18:20:46.382Z'
}
{
  message: 'Application listening on port 5000',
  level: 'info',
  label: 'University Management',
  timestamp: '2024-01-14T18:20:46.391Z'
}
