{
  message: 'failed to connect database: Error: querySrv ECONNREFUSED _mongodb._tcp.university-management-d.m8kw3lg.mongodb.net',
  level: 'error',
  label: 'University Management',
  timestamp: '2024-01-15T09:09:25.756Z'
}
{
  message: 'failed to connect database: Error: querySrv ECONNREFUSED _mongodb._tcp.university-management-d.m8kw3lg.mongodb.net',
  level: 'error',
  label: 'University Management',
  timestamp: '2024-01-15T09:09:28.299Z'
}
{
  message: 'failed to connect database: Error: querySrv ECONNREFUSED _mongodb._tcp.university-management-d.m8kw3lg.mongodb.net',
  level: 'error',
  label: 'University Management',
  timestamp: '2024-01-15T09:09:30.969Z'
}
{
  message: 'failed to connect database: Error: querySrv ECONNREFUSED _mongodb._tcp.university-management-d.m8kw3lg.mongodb.net',
  level: 'error',
  label: 'University Management',
  timestamp: '2024-01-15T09:09:33.026Z'
}
{
  message: 'failed to connect database: Error: querySrv ECONNREFUSED _mongodb._tcp.university-management-d.m8kw3lg.mongodb.net',
  level: 'error',
  label: 'University Management',
  timestamp: '2024-01-15T09:09:57.150Z'
}
{
  message: 'failed to connect database: Error: querySrv ECONNREFUSED _mongodb._tcp.university-management-d.m8kw3lg.mongodb.net',
  level: 'error',
  label: 'University Management',
  timestamp: '2024-01-15T09:10:01.973Z'
}
{
  message: 'failed to connect database: Error: querySrv ECONNREFUSED _mongodb._tcp.university-management-d.m8kw3lg.mongodb.net',
  level: 'error',
  label: 'University Management',
  timestamp: '2024-01-15T09:10:29.718Z'
}
{
  message: 'failed to connect database: Error: querySrv ECONNREFUSED _mongodb._tcp.university-management-d.m8kw3lg.mongodb.net',
  level: 'error',
  label: 'University Management',
  timestamp: '2024-01-15T09:10:33.661Z'
}
{
  message: 'failed to connect database: Error: querySrv ECONNREFUSED _mongodb._tcp.university-management-d.m8kw3lg.mongodb.net',
  level: 'error',
  label: 'University Management',
  timestamp: '2024-01-15T09:10:41.760Z'
}
{
  message: 'failed to connect database: Error: querySrv ECONNREFUSED _mongodb._tcp.university-management-d.m8kw3lg.mongodb.net',
  level: 'error',
  label: 'University Management',
  timestamp: '2024-01-15T09:10:45.776Z'
}
